{"level":"info","message":"::1 - - [12/Jul/2024:06:32:52 +0000] \"GET /api/text HTTP/1.1\" 200 7472 \"-\" \"PostmanRuntime/7.40.0\"\n","timestamp":"2024-07-12T06:32:52.700Z"}
{"level":"info","message":"::1 - - [12/Jul/2024:06:32:54 +0000] \"GET /api/text HTTP/1.1\" 200 7472 \"-\" \"PostmanRuntime/7.40.0\"\n","timestamp":"2024-07-12T06:32:54.620Z"}
{"level":"info","message":"::1 - - [12/Jul/2024:06:36:35 +0000] \"POST /api/text HTTP/1.1\" 403 59 \"-\" \"PostmanRuntime/7.40.0\"\n","timestamp":"2024-07-12T06:36:35.874Z"}
{"level":"info","message":"::1 - - [12/Jul/2024:06:36:38 +0000] \"POST /auth//sign-in HTTP/1.1\" 200 234 \"-\" \"PostmanRuntime/7.40.0\"\n","timestamp":"2024-07-12T06:36:38.393Z"}
{"level":"info","message":"::1 - - [12/Jul/2024:06:36:40 +0000] \"POST /api/text HTTP/1.1\" 200 282 \"-\" \"PostmanRuntime/7.40.0\"\n","timestamp":"2024-07-12T06:36:40.449Z"}
{"level":"info","message":"::1 - - [12/Jul/2024:06:38:01 +0000] \"GET /api/text HTTP/1.1\" 200 71 \"-\" \"PostmanRuntime/7.40.0\"\n","timestamp":"2024-07-12T06:38:01.462Z"}
{"level":"info","message":"::1 - - [12/Jul/2024:06:39:43 +0000] \"GET /api/text HTTP/1.1\" 200 3551 \"-\" \"PostmanRuntime/7.40.0\"\n","timestamp":"2024-07-12T06:39:43.553Z"}
{"level":"info","message":"::1 - - [12/Jul/2024:06:44:39 +0000] \"GET /api/text/6690103a43e42ffc43766efb HTTP/1.1\" 403 59 \"-\" \"PostmanRuntime/7.40.0\"\n","timestamp":"2024-07-12T06:44:39.282Z"}
{"level":"info","message":"::1 - - [12/Jul/2024:06:44:42 +0000] \"POST /auth//sign-in HTTP/1.1\" 200 234 \"-\" \"PostmanRuntime/7.40.0\"\n","timestamp":"2024-07-12T06:44:42.607Z"}
{"level":"info","message":"::1 - - [12/Jul/2024:06:44:44 +0000] \"GET /api/text/6690103a43e42ffc43766efb HTTP/1.1\" 200 180 \"-\" \"PostmanRuntime/7.40.0\"\n","timestamp":"2024-07-12T06:44:44.007Z"}
{"level":"info","message":"::1 - - [12/Jul/2024:06:44:53 +0000] \"POST /api/text HTTP/1.1\" 200 282 \"-\" \"PostmanRuntime/7.40.0\"\n","timestamp":"2024-07-12T06:44:53.530Z"}
{"level":"info","message":"::1 - - [12/Jul/2024:06:45:03 +0000] \"GET /api/text/6690d0e5f6407dfaef4b62f8 HTTP/1.1\" 200 131 \"-\" \"PostmanRuntime/7.40.0\"\n","timestamp":"2024-07-12T06:45:03.025Z"}
{"level":"info","message":"::1 - - [12/Jul/2024:06:45:30 +0000] \"GET /api/text/6690d0e5f6407dfaef4b62f8 HTTP/1.1\" 403 59 \"-\" \"PostmanRuntime/7.40.0\"\n","timestamp":"2024-07-12T06:45:30.167Z"}
{"level":"info","message":"::1 - - [12/Jul/2024:06:45:32 +0000] \"POST /auth//sign-in HTTP/1.1\" 200 234 \"-\" \"PostmanRuntime/7.40.0\"\n","timestamp":"2024-07-12T06:45:32.792Z"}
{"level":"info","message":"::1 - - [12/Jul/2024:06:45:34 +0000] \"GET /api/text/6690d0e5f6407dfaef4b62f8 HTTP/1.1\" 200 131 \"-\" \"PostmanRuntime/7.40.0\"\n","timestamp":"2024-07-12T06:45:34.260Z"}
{"level":"info","message":"::1 - - [12/Jul/2024:06:45:58 +0000] \"POST /auth//sign-in HTTP/1.1\" 200 234 \"-\" \"PostmanRuntime/7.40.0\"\n","timestamp":"2024-07-12T06:45:58.071Z"}
{"level":"info","message":"::1 - - [12/Jul/2024:06:45:59 +0000] \"GET /api/text/6690d0e5f6407dfaef4b62f8 HTTP/1.1\" 200 131 \"-\" \"PostmanRuntime/7.40.0\"\n","timestamp":"2024-07-12T06:45:59.440Z"}
{"level":"info","message":"::1 - - [12/Jul/2024:06:46:10 +0000] \"GET /api/text/6690d0e5f6407dfaef4b62f8 HTTP/1.1\" 403 59 \"-\" \"PostmanRuntime/7.40.0\"\n","timestamp":"2024-07-12T06:46:10.024Z"}
{"level":"info","message":"::1 - - [12/Jul/2024:06:46:11 +0000] \"GET /api/text/6690d0e5f6407dfaef4b62f8 HTTP/1.1\" 403 59 \"-\" \"PostmanRuntime/7.40.0\"\n","timestamp":"2024-07-12T06:46:11.032Z"}
{"level":"info","message":"::1 - - [12/Jul/2024:06:46:12 +0000] \"POST /auth//sign-in HTTP/1.1\" 200 234 \"-\" \"PostmanRuntime/7.40.0\"\n","timestamp":"2024-07-12T06:46:12.969Z"}
{"level":"info","message":"::1 - - [12/Jul/2024:06:46:14 +0000] \"GET /api/text/6690d0e5f6407dfaef4b62f8 HTTP/1.1\" 200 285 \"-\" \"PostmanRuntime/7.40.0\"\n","timestamp":"2024-07-12T06:46:14.527Z"}
{"level":"info","message":"::1 - - [12/Jul/2024:06:46:20 +0000] \"GET /api/text HTTP/1.1\" 200 3623 \"-\" \"PostmanRuntime/7.40.0\"\n","timestamp":"2024-07-12T06:46:20.604Z"}
{"level":"info","message":"::1 - - [12/Jul/2024:06:46:25 +0000] \"GET /api/text/6690103a43e42ffc43766efb HTTP/1.1\" 400 51 \"-\" \"PostmanRuntime/7.40.0\"\n","timestamp":"2024-07-12T06:46:25.370Z"}
{"level":"info","message":"::1 - - [12/Jul/2024:06:46:36 +0000] \"POST /auth//sign-in HTTP/1.1\" 200 234 \"-\" \"PostmanRuntime/7.40.0\"\n","timestamp":"2024-07-12T06:46:36.731Z"}
{"level":"info","message":"::1 - - [12/Jul/2024:06:46:38 +0000] \"GET /api/text/6690103a43e42ffc43766efb HTTP/1.1\" 200 180 \"-\" \"PostmanRuntime/7.40.0\"\n","timestamp":"2024-07-12T06:46:38.212Z"}
{"level":"info","message":"::1 - - [12/Jul/2024:06:48:40 +0000] \"POST /auth//sign-in HTTP/1.1\" 200 234 \"-\" \"PostmanRuntime/7.40.0\"\n","timestamp":"2024-07-12T06:48:40.557Z"}
{"level":"info","message":"::1 - - [12/Jul/2024:06:48:42 +0000] \"GET /api/text/my HTTP/1.1\" 200 3623 \"-\" \"PostmanRuntime/7.40.0\"\n","timestamp":"2024-07-12T06:48:42.650Z"}
{"level":"info","message":"::1 - - [12/Jul/2024:06:49:46 +0000] \"GET /api/text/my HTTP/1.1\" 403 59 \"-\" \"PostmanRuntime/7.40.0\"\n","timestamp":"2024-07-12T06:49:46.515Z"}
{"level":"info","message":"::1 - - [12/Jul/2024:06:49:47 +0000] \"POST /auth//sign-in HTTP/1.1\" 200 234 \"-\" \"PostmanRuntime/7.40.0\"\n","timestamp":"2024-07-12T06:49:47.877Z"}
{"level":"info","message":"::1 - - [12/Jul/2024:06:49:49 +0000] \"GET /api/text/my HTTP/1.1\" 200 3623 \"-\" \"PostmanRuntime/7.40.0\"\n","timestamp":"2024-07-12T06:49:49.421Z"}
{"level":"info","message":"::1 - - [12/Jul/2024:06:49:57 +0000] \"POST /auth//sign-in HTTP/1.1\" 200 234 \"-\" \"PostmanRuntime/7.40.0\"\n","timestamp":"2024-07-12T06:49:57.752Z"}
{"level":"info","message":"::1 - - [12/Jul/2024:06:49:59 +0000] \"GET /api/text/my HTTP/1.1\" 200 3623 \"-\" \"PostmanRuntime/7.40.0\"\n","timestamp":"2024-07-12T06:49:59.587Z"}
{"level":"info","message":"::1 - - [12/Jul/2024:06:50:40 +0000] \"GET /api/text/my HTTP/1.1\" 403 59 \"-\" \"PostmanRuntime/7.40.0\"\n","timestamp":"2024-07-12T06:50:40.926Z"}
{"level":"info","message":"::1 - - [12/Jul/2024:06:50:43 +0000] \"POST /auth//sign-in HTTP/1.1\" 200 234 \"-\" \"PostmanRuntime/7.40.0\"\n","timestamp":"2024-07-12T06:50:43.679Z"}
{"level":"info","message":"::1 - - [12/Jul/2024:06:50:45 +0000] \"GET /api/text/my HTTP/1.1\" 400 51 \"-\" \"PostmanRuntime/7.40.0\"\n","timestamp":"2024-07-12T06:50:45.072Z"}
{"level":"info","message":"::1 - - [12/Jul/2024:06:51:06 +0000] \"POST /auth//sign-in HTTP/1.1\" 200 234 \"-\" \"PostmanRuntime/7.40.0\"\n","timestamp":"2024-07-12T06:51:06.611Z"}
{"level":"info","message":"::1 - - [12/Jul/2024:06:51:08 +0000] \"GET /api/text/my HTTP/1.1\" 200 513 \"-\" \"PostmanRuntime/7.40.0\"\n","timestamp":"2024-07-12T06:51:08.157Z"}
{"level":"info","message":"::1 - - [12/Jul/2024:06:51:25 +0000] \"GET /api/text/my HTTP/1.1\" 403 59 \"-\" \"PostmanRuntime/7.40.0\"\n","timestamp":"2024-07-12T06:51:25.237Z"}
{"level":"info","message":"::1 - - [12/Jul/2024:06:51:28 +0000] \"POST /auth//sign-in HTTP/1.1\" 200 234 \"-\" \"PostmanRuntime/7.40.0\"\n","timestamp":"2024-07-12T06:51:28.161Z"}
{"level":"info","message":"::1 - - [12/Jul/2024:06:51:30 +0000] \"GET /api/text/my HTTP/1.1\" 200 513 \"-\" \"PostmanRuntime/7.40.0\"\n","timestamp":"2024-07-12T06:51:30.428Z"}
